<?xml version="1.0" encoding="UTF-8"?>
<testng-results ignored="0" total="1" passed="1" failed="0" skipped="0">
  <reporter-output>
  </reporter-output>
  <suite started-at="2021-11-25T22:11:17 COT" name="Default suite" finished-at="2021-11-25T22:12:18 COT" duration-ms="60851">
    <groups>
    </groups>
    <test started-at="2021-11-25T22:11:17 COT" name="Default test" finished-at="2021-11-25T22:12:18 COT" duration-ms="60851">
      <class name="Scripts.searchproduct">
        <test-method is-config="true" signature="login()[pri:0, instance:Scripts.searchproduct@a2431d0]" started-at="2021-11-25T22:11:17 COT" name="login" finished-at="2021-11-25T22:11:41 COT" duration-ms="23874" status="PASS">
          <reporter-output>
          </reporter-output>
        </test-method> <!-- login -->
        <test-method signature="searchmobile()[pri:0, instance:Scripts.searchproduct@a2431d0]" started-at="2021-11-25T22:11:41 COT" name="searchmobile" finished-at="2021-11-25T22:12:17 COT" duration-ms="35979" status="PASS">
          <reporter-output>
          </reporter-output>
        </test-method> <!-- searchmobile -->
        <test-method is-config="true" signature="logout(org.testng.ITestResult)[pri:0, instance:Scripts.searchproduct@a2431d0]" started-at="2021-11-25T22:12:17 COT" name="logout" finished-at="2021-11-25T22:12:18 COT" duration-ms="928" status="PASS">
          <params>
            <param index="0">
              <value>
                <![CDATA[[TestResult name=searchmobile status=SUCCESS method=searchproduct.searchmobile()[pri:0, instance:Scripts.searchproduct@a2431d0] output={null}]]]>
              </value>
            </param>
          </params>
          <reporter-output>
          </reporter-output>
        </test-method> <!-- logout -->
      </class> <!-- Scripts.searchproduct -->
    </test> <!-- Default test -->
  </suite> <!-- Default suite -->
</testng-results>
